2025-05-22 20:41:14.330 INFO     my_exporter.py - Expose readings from the what I'm interested in in Prometheus format

Press Ctrl+C to exit!


2025-05-22 20:41:47.145 INFO     my_exporter.py - Expose readings from the what I'm interested in in Prometheus format

Press Ctrl+C to exit!


2025-05-22 20:42:06.620 INFO     my_exporter.py - Expose readings from the what I'm interested in in Prometheus format

Press Ctrl+C to exit!


2025-05-22 20:42:17.066 INFO     my_exporter.py - Expose readings from the what I'm interested in in Prometheus format

Press Ctrl+C to exit!


2025-05-22 20:42:43.133 INFO     my_exporter.py - Expose readings from the what I'm interested in in Prometheus format

Press Ctrl+C to exit!


2025-05-22 20:43:41.399 INFO     my_exporter.py - Expose readings from the what I'm interested in in Prometheus format

Press Ctrl+C to exit!


2025-05-22 20:45:00.488 INFO     my_exporter.py - Expose readings from the what I'm interested in in Prometheus format

Press Ctrl+C to exit!


2025-05-22 20:45:54.251 INFO     my_exporter.py - Expose readings from the what I'm interested in in Prometheus format

Press Ctrl+C to exit!


2025-05-22 20:51:42.755 INFO     my_exporter.py - Expose readings from the what I'm interested in in Prometheus format

Press Ctrl+C to exit!


2025-05-22 20:52:39.649 INFO     my_exporter.py - Expose readings from the what I'm interested in in Prometheus format

Press Ctrl+C to exit!


2025-05-22 20:53:13.676 INFO     my_exporter.py - Expose readings from the what I'm interested in in Prometheus format

Press Ctrl+C to exit!


2025-05-22 20:53:52.122 INFO     my_exporter.py - Expose readings from the what I'm interested in in Prometheus format

Press Ctrl+C to exit!


2025-05-22 20:54:17.334 INFO     my_exporter.py - Expose readings from the what I'm interested in in Prometheus format

Press Ctrl+C to exit!


2025-05-22 20:54:43.392 INFO     my_exporter.py - Expose readings from the what I'm interested in in Prometheus format

Press Ctrl+C to exit!


2025-05-22 20:54:57.996 INFO     my_exporter.py - Expose readings from the what I'm interested in in Prometheus format

Press Ctrl+C to exit!


2025-05-22 20:55:18.977 INFO     my_exporter.py - Expose readings from the what I'm interested in in Prometheus format

Press Ctrl+C to exit!


2025-05-22 20:55:31.879 INFO     my_exporter.py - Expose readings from the what I'm interested in in Prometheus format

Press Ctrl+C to exit!


2025-05-22 20:55:39.646 INFO     my_exporter.py - Expose readings from the what I'm interested in in Prometheus format

Press Ctrl+C to exit!


2025-05-22 20:56:00.111 INFO     my_exporter.py - Expose readings from the what I'm interested in in Prometheus format

Press Ctrl+C to exit!


2025-05-22 20:56:00.401 ERROR    Couldn't find the '_data_gr' anchor in 'https://api.weather.com/v2/pws/observations/current?apiKey=e1f10a1e78da46f5b10a1e78da96f525&stationId=ICAHOR23&numericPrecision=decimal&format=json&units=m' ...
2025-05-22 20:56:00.402 WARNING  No data available at 2025-05-22 20:56:00.402193
2025-05-22 20:56:00.403 INFO     Listening on http://0.0.0.0:8000
2025-05-22 20:57:00.529 ERROR    Couldn't find the '_data_gr' anchor in 'https://api.weather.com/v2/pws/observations/current?apiKey=e1f10a1e78da46f5b10a1e78da96f525&stationId=ICAHOR23&numericPrecision=decimal&format=json&units=m' ...
2025-05-22 20:57:00.529 WARNING  No data available at 2025-05-22 20:57:00.529413
2025-05-22 20:57:54.026 INFO     my_exporter.py - Expose readings from the what I'm interested in in Prometheus format

Press Ctrl+C to exit!


2025-05-22 21:00:04.871 ERROR    
2025-05-22 21:00:04.871 WARNING  No data available at 2025-05-22 21:00:04.871315
2025-05-22 21:00:04.873 INFO     Listening on http://0.0.0.0:8000
2025-05-22 21:00:13.947 INFO     my_exporter.py - Expose readings from the what I'm interested in in Prometheus format

Press Ctrl+C to exit!


2025-05-22 21:00:15.042 ERROR    the JSON object must be str, bytes or bytearray, not HTTPResponse
2025-05-22 21:00:15.043 WARNING  No data available at 2025-05-22 21:00:15.043113
2025-05-22 21:00:15.045 INFO     Listening on http://0.0.0.0:8000
2025-05-22 21:00:35.744 INFO     my_exporter.py - Expose readings from the what I'm interested in in Prometheus format

Press Ctrl+C to exit!


2025-05-22 21:00:41.782 INFO     my_exporter.py - Expose readings from the what I'm interested in in Prometheus format

Press Ctrl+C to exit!


2025-05-22 21:00:47.034 INFO     my_exporter.py - Expose readings from the what I'm interested in in Prometheus format

Press Ctrl+C to exit!


2025-05-22 21:00:47.677 WARNING  Key 'temp' is not available at 2025-05-22 21:00:47.677739
2025-05-22 21:00:47.678 WARNING  Key 'dewpt' is not available at 2025-05-22 21:00:47.678131
2025-05-22 21:00:47.678 WARNING  Key 'heatIndex' is not available at 2025-05-22 21:00:47.678259
2025-05-22 21:00:47.678 WARNING  Key 'windchill' is not available at 2025-05-22 21:00:47.678349
2025-05-22 21:00:47.678 WARNING  Key 'humidity' is not available at 2025-05-22 21:00:47.678433
2025-05-22 21:00:47.678 WARNING  Key 'precipRate' is not available at 2025-05-22 21:00:47.678514
2025-05-22 21:00:47.678 WARNING  Key 'precipTotal' is not available at 2025-05-22 21:00:47.678591
2025-05-22 21:00:47.678 WARNING  Key 'windSpeed' is not available at 2025-05-22 21:00:47.678664
2025-05-22 21:00:47.678 WARNING  Key 'windGust' is not available at 2025-05-22 21:00:47.678736
2025-05-22 21:00:47.678 WARNING  Key 'wnddir' is not available at 2025-05-22 21:00:47.678808
2025-05-22 21:00:47.678 WARNING  Key 'up' is not available at 2025-05-22 21:00:47.678881
2025-05-22 21:00:47.678 WARNING  Key 'solarRadiation' is not available at 2025-05-22 21:00:47.678955
2025-05-22 21:00:47.679 WARNING  Key 'pressure' is not available at 2025-05-22 21:00:47.679052
2025-05-22 21:00:47.679 INFO     Available keys: observations
2025-05-22 21:00:47.680 INFO     Listening on http://0.0.0.0:8000
2025-05-22 21:01:13.255 INFO     my_exporter.py - Expose readings from the what I'm interested in in Prometheus format

Press Ctrl+C to exit!


2025-05-22 21:01:13.363 WARNING  Key 'temp' is not available at 2025-05-22 21:01:13.363428
2025-05-22 21:01:13.363 WARNING  Key 'dewpt' is not available at 2025-05-22 21:01:13.363775
2025-05-22 21:01:13.363 WARNING  Key 'heatIndex' is not available at 2025-05-22 21:01:13.363890
2025-05-22 21:01:13.363 WARNING  Key 'windchill' is not available at 2025-05-22 21:01:13.363972
2025-05-22 21:01:13.364 WARNING  Key 'humidity' is not available at 2025-05-22 21:01:13.364081
2025-05-22 21:01:13.364 WARNING  Key 'precipRate' is not available at 2025-05-22 21:01:13.364161
2025-05-22 21:01:13.364 WARNING  Key 'precipTotal' is not available at 2025-05-22 21:01:13.364231
2025-05-22 21:01:13.364 WARNING  Key 'windSpeed' is not available at 2025-05-22 21:01:13.364298
2025-05-22 21:01:13.364 WARNING  Key 'windGust' is not available at 2025-05-22 21:01:13.364369
2025-05-22 21:01:13.364 WARNING  Key 'wnddir' is not available at 2025-05-22 21:01:13.364441
2025-05-22 21:01:13.364 WARNING  Key 'up' is not available at 2025-05-22 21:01:13.364512
2025-05-22 21:01:13.364 WARNING  Key 'solarRadiation' is not available at 2025-05-22 21:01:13.364587
2025-05-22 21:01:13.364 WARNING  Key 'pressure' is not available at 2025-05-22 21:01:13.364659
2025-05-22 21:01:13.364 INFO     Available keys: observations
2025-05-22 21:01:13.366 INFO     Listening on http://0.0.0.0:8000
2025-05-22 21:01:30.353 INFO     my_exporter.py - Expose readings from the what I'm interested in in Prometheus format

Press Ctrl+C to exit!


2025-05-22 21:01:30.500 WARNING  Key 'temp' is not available at 2025-05-22 21:01:30.500234
2025-05-22 21:01:30.500 WARNING  Key 'dewpt' is not available at 2025-05-22 21:01:30.500556
2025-05-22 21:01:30.500 WARNING  Key 'heatIndex' is not available at 2025-05-22 21:01:30.500676
2025-05-22 21:01:30.500 WARNING  Key 'windchill' is not available at 2025-05-22 21:01:30.500764
2025-05-22 21:01:30.500 WARNING  Key 'humidity' is not available at 2025-05-22 21:01:30.500846
2025-05-22 21:01:30.500 WARNING  Key 'precipRate' is not available at 2025-05-22 21:01:30.500926
2025-05-22 21:01:30.501 WARNING  Key 'precipTotal' is not available at 2025-05-22 21:01:30.501025
2025-05-22 21:01:30.501 WARNING  Key 'windSpeed' is not available at 2025-05-22 21:01:30.501120
2025-05-22 21:01:30.501 WARNING  Key 'windGust' is not available at 2025-05-22 21:01:30.501214
2025-05-22 21:01:30.501 WARNING  Key 'wnddir' is not available at 2025-05-22 21:01:30.501288
2025-05-22 21:01:30.501 WARNING  Key 'up' is not available at 2025-05-22 21:01:30.501359
2025-05-22 21:01:30.501 WARNING  Key 'solarRadiation' is not available at 2025-05-22 21:01:30.501431
2025-05-22 21:01:30.501 WARNING  Key 'pressure' is not available at 2025-05-22 21:01:30.501504
2025-05-22 21:01:30.501 INFO     Available keys: observations
2025-05-22 21:01:30.503 INFO     Listening on http://0.0.0.0:8000
2025-05-22 21:01:42.101 INFO     my_exporter.py - Expose readings from the what I'm interested in in Prometheus format

Press Ctrl+C to exit!


2025-05-22 21:01:42.224 WARNING  Key 'temp' is not available at 2025-05-22 21:01:42.224241
2025-05-22 21:01:42.224 WARNING  Key 'dewpt' is not available at 2025-05-22 21:01:42.224577
2025-05-22 21:01:42.224 WARNING  Key 'heatIndex' is not available at 2025-05-22 21:01:42.224691
2025-05-22 21:01:42.224 WARNING  Key 'windchill' is not available at 2025-05-22 21:01:42.224773
2025-05-22 21:01:42.224 WARNING  Key 'humidity' is not available at 2025-05-22 21:01:42.224848
2025-05-22 21:01:42.224 WARNING  Key 'precipRate' is not available at 2025-05-22 21:01:42.224919
2025-05-22 21:01:42.225 WARNING  Key 'precipTotal' is not available at 2025-05-22 21:01:42.224988
2025-05-22 21:01:42.225 WARNING  Key 'windSpeed' is not available at 2025-05-22 21:01:42.225073
2025-05-22 21:01:42.225 WARNING  Key 'windGust' is not available at 2025-05-22 21:01:42.225138
2025-05-22 21:01:42.225 WARNING  Key 'wnddir' is not available at 2025-05-22 21:01:42.225202
2025-05-22 21:01:42.225 WARNING  Key 'up' is not available at 2025-05-22 21:01:42.225265
2025-05-22 21:01:42.225 WARNING  Key 'solarRadiation' is not available at 2025-05-22 21:01:42.225335
2025-05-22 21:01:42.225 WARNING  Key 'pressure' is not available at 2025-05-22 21:01:42.225399
2025-05-22 21:01:42.225 INFO     Available keys: observations
2025-05-22 21:01:42.226 INFO     Listening on http://0.0.0.0:8000
2025-05-22 21:01:55.576 INFO     my_exporter.py - Expose readings from the what I'm interested in in Prometheus format

Press Ctrl+C to exit!


2025-05-22 21:01:55.703 WARNING  Key 'temp' is not available at 2025-05-22 21:01:55.703230
2025-05-22 21:01:55.703 WARNING  Key 'dewpt' is not available at 2025-05-22 21:01:55.703596
2025-05-22 21:01:55.703 WARNING  Key 'heatIndex' is not available at 2025-05-22 21:01:55.703728
2025-05-22 21:01:55.703 WARNING  Key 'windchill' is not available at 2025-05-22 21:01:55.703835
2025-05-22 21:01:55.703 WARNING  Key 'humidity' is not available at 2025-05-22 21:01:55.703931
2025-05-22 21:01:55.704 WARNING  Key 'precipRate' is not available at 2025-05-22 21:01:55.704052
2025-05-22 21:01:55.704 WARNING  Key 'precipTotal' is not available at 2025-05-22 21:01:55.704142
2025-05-22 21:01:55.704 WARNING  Key 'windSpeed' is not available at 2025-05-22 21:01:55.704241
2025-05-22 21:01:55.704 WARNING  Key 'windGust' is not available at 2025-05-22 21:01:55.704341
2025-05-22 21:01:55.704 WARNING  Key 'wnddir' is not available at 2025-05-22 21:01:55.704418
2025-05-22 21:01:55.704 WARNING  Key 'up' is not available at 2025-05-22 21:01:55.704490
2025-05-22 21:01:55.704 WARNING  Key 'solarRadiation' is not available at 2025-05-22 21:01:55.704567
2025-05-22 21:01:55.704 WARNING  Key 'pressure' is not available at 2025-05-22 21:01:55.704640
2025-05-22 21:01:55.704 INFO     Available keys: observations
2025-05-22 21:01:55.705 INFO     Listening on http://0.0.0.0:8000
2025-05-22 21:02:44.085 INFO     my_exporter.py - Expose readings from the what I'm interested in in Prometheus format

Press Ctrl+C to exit!


2025-05-22 21:02:44.185 WARNING  Key 'temp' is not available at 2025-05-22 21:02:44.185478
2025-05-22 21:02:44.185 WARNING  Key 'dewpt' is not available at 2025-05-22 21:02:44.185808
2025-05-22 21:02:44.185 WARNING  Key 'heatIndex' is not available at 2025-05-22 21:02:44.185940
2025-05-22 21:02:44.186 WARNING  Key 'windchill' is not available at 2025-05-22 21:02:44.186084
2025-05-22 21:02:44.186 WARNING  Key 'humidity' is not available at 2025-05-22 21:02:44.186204
2025-05-22 21:02:44.186 WARNING  Key 'precipRate' is not available at 2025-05-22 21:02:44.186328
2025-05-22 21:02:44.186 WARNING  Key 'precipTotal' is not available at 2025-05-22 21:02:44.186441
2025-05-22 21:02:44.186 WARNING  Key 'windSpeed' is not available at 2025-05-22 21:02:44.186547
2025-05-22 21:02:44.186 WARNING  Key 'windGust' is not available at 2025-05-22 21:02:44.186657
2025-05-22 21:02:44.186 WARNING  Key 'wnddir' is not available at 2025-05-22 21:02:44.186763
2025-05-22 21:02:44.186 WARNING  Key 'up' is not available at 2025-05-22 21:02:44.186862
2025-05-22 21:02:44.187 WARNING  Key 'solarRadiation' is not available at 2025-05-22 21:02:44.186973
2025-05-22 21:02:44.187 WARNING  Key 'pressure' is not available at 2025-05-22 21:02:44.187098
2025-05-22 21:02:44.187 INFO     Available keys: observations
2025-05-22 21:02:44.189 INFO     Listening on http://0.0.0.0:8000
2025-05-22 21:02:44.189 INFO     Sensor data: {'temp': 0.0, 'dewpt': 0.0, 'heatIndex': 0.0, 'windchill': 0.0, 'humidity': 0.0, 'precipRate': 0.0, 'precipTotal': 0.0, 'windSpeed': 0.0, 'windGust': 0.0, 'wnddir': 0.0, 'up': 0.0, 'pressure': 0.0}
2025-05-22 21:03:02.578 INFO     my_exporter.py - Expose readings from the what I'm interested in in Prometheus format

Press Ctrl+C to exit!


2025-05-22 21:04:50.681 INFO     my_exporter.py - Expose readings from the what I'm interested in in Prometheus format

Press Ctrl+C to exit!


2025-05-22 21:05:13.507 INFO     my_exporter.py - Expose readings from the what I'm interested in in Prometheus format

Press Ctrl+C to exit!


2025-05-22 21:05:58.646 INFO     my_exporter.py - Expose readings from the what I'm interested in in Prometheus format

Press Ctrl+C to exit!


2025-05-22 21:06:26.403 INFO     my_exporter.py - Expose readings from the what I'm interested in in Prometheus format

Press Ctrl+C to exit!


2025-05-22 21:06:58.687 INFO     my_exporter.py - Expose readings from the what I'm interested in in Prometheus format

Press Ctrl+C to exit!


2025-05-22 21:07:05.683 INFO     my_exporter.py - Expose readings from the what I'm interested in in Prometheus format

Press Ctrl+C to exit!


2025-05-22 21:08:22.412 INFO     my_exporter.py - Expose readings from the what I'm interested in in Prometheus format

Press Ctrl+C to exit!


2025-05-22 21:08:37.598 INFO     my_exporter.py - Expose readings from the what I'm interested in in Prometheus format

Press Ctrl+C to exit!


2025-05-22 21:09:29.326 INFO     my_exporter.py - Expose readings from the what I'm interested in in Prometheus format

Press Ctrl+C to exit!


2025-05-22 21:09:29.461 INFO     Listening on http://0.0.0.0:8000
2025-05-22 21:09:29.461 INFO     Sensor data: {'temp': 15.9, 'dewpt': 6.9, 'heatIndex': 15.9, 'windChill': 15.9, 'humidity': 55.0, 'precipRate': 0.0, 'precipTotal': 5.84, 'windSpeed': 0.0, 'windGust': 0.6, 'winddir': 273.0, 'uv': 0.0, 'solarRadiation': 8.8, 'pressure': 1016.26}
2025-05-22 21:10:29.760 INFO     Sensor data: {'temp': 15.8, 'dewpt': 7.1, 'heatIndex': 15.8, 'windChill': 15.8, 'humidity': 56.0, 'precipRate': 0.0, 'precipTotal': 5.84, 'windSpeed': 4.7, 'windGust': 4.7, 'winddir': 351.0, 'uv': 0.0, 'solarRadiation': 8.1, 'pressure': 1016.26}
2025-05-22 21:11:30.097 INFO     Sensor data: {'temp': 15.7, 'dewpt': 6.9, 'heatIndex': 15.7, 'windChill': 15.7, 'humidity': 56.0, 'precipRate': 0.0, 'precipTotal': 5.84, 'windSpeed': 0.0, 'windGust': 1.4, 'winddir': 275.0, 'uv': 0.0, 'solarRadiation': 7.6, 'pressure': 1016.26}
2025-05-22 21:12:30.259 INFO     Sensor data: {'temp': 15.8, 'dewpt': 7.2, 'heatIndex': 15.8, 'windChill': 15.8, 'humidity': 57.0, 'precipRate': 0.0, 'precipTotal': 5.84, 'windSpeed': 3.9, 'windGust': 4.7, 'winddir': 344.0, 'uv': 0.0, 'solarRadiation': 7.4, 'pressure': 1016.26}
2025-05-22 21:13:30.412 INFO     Sensor data: {'temp': 15.7, 'dewpt': 7.2, 'heatIndex': 15.7, 'windChill': 15.7, 'humidity': 57.0, 'precipRate': 0.0, 'precipTotal': 5.84, 'windSpeed': 0.0, 'windGust': 0.0, 'winddir': 297.0, 'uv': 0.0, 'solarRadiation': 6.6, 'pressure': 1016.26}
2025-05-22 21:16:38.024 INFO     my_exporter.py - Expose readings from the what I'm interested in in Prometheus format

Press Ctrl+C to exit!


2025-05-22 21:16:47.468 INFO     my_exporter.py - Expose readings from the what I'm interested in in Prometheus format

Press Ctrl+C to exit!


2025-05-22 21:16:57.163 INFO     my_exporter.py - Expose readings from the what I'm interested in in Prometheus format

Press Ctrl+C to exit!


2025-05-22 21:16:57.301 INFO     Listening on http://0.0.0.0:8000
2025-05-22 21:16:57.302 INFO     Sensor data: {'temp': 15.7, 'dewpt': 7.2, 'heatIndex': 15.7, 'windChill': 15.7, 'humidity': 57.0, 'precipRate': 0.0, 'precipTotal': 5.84, 'windSpeed': 0.0, 'windGust': 1.4, 'winddir': 281.0, 'uv': 0.0, 'solarRadiation': 5.5, 'pressure': 1016.26}
